<?xml version="1.0" encoding="UTF-8"?>
<robot generator="Robot 6.0.2 (Python 3.11.0 on win32)" generated="20230129 09:19:46.948" rpa="false" schemaversion="3">
<suite id="s1" name="Aki2" source="C:\Users\vdi-student\PycharmProjects\pythonProject1\aki2.robot">
<test id="s1-t1" name="Registration In Forum" line="11">
<kw name="Open Browser" library="SeleniumLibrary">
<arg>https://gotujmy.pl/forum/</arg>
<arg>Chrome</arg>
<doc>Opens a new browser instance to the optional ``url``.</doc>
<msg timestamp="20230129 09:19:47.263" level="INFO">Opening browser 'Chrome' to base url 'https://gotujmy.pl/forum/'.</msg>
<status status="PASS" starttime="20230129 09:19:47.263" endtime="20230129 09:19:51.430"/>
</kw>
<kw name="Sleep" library="BuiltIn">
<arg>3</arg>
<doc>Pauses the test executed for the given time.</doc>
<msg timestamp="20230129 09:19:54.432" level="INFO">Slept 3 seconds</msg>
<status status="PASS" starttime="20230129 09:19:51.432" endtime="20230129 09:19:54.432"/>
</kw>
<kw name="Run Keyword And Ignore Error" library="BuiltIn">
<arg>click button</arg>
<arg>//*[@id="tcf277-permissions-modal"]/div[3]/div/button[2]</arg>
<doc>Runs the given keyword with the given arguments and ignores possible error.</doc>
<kw name="Click Button" library="SeleniumLibrary">
<arg>//*[@id="tcf277-permissions-modal"]/div[3]/div/button[2]</arg>
<doc>Clicks the button identified by ``locator``.</doc>
<msg timestamp="20230129 09:19:54.438" level="INFO">Clicking button '//*[@id="tcf277-permissions-modal"]/div[3]/div/button[2]'.</msg>
<msg timestamp="20230129 09:19:55.223" level="INFO" html="true">&lt;/td&gt;&lt;/tr&gt;&lt;tr&gt;&lt;td colspan="3"&gt;&lt;a href="selenium-screenshot-12.png"&gt;&lt;img src="selenium-screenshot-12.png" width="800px"&gt;&lt;/a&gt;</msg>
<msg timestamp="20230129 09:19:55.224" level="FAIL">ElementNotInteractableException: Message: element not interactable
  (Session info: chrome=109.0.5414.120)
Stacktrace:
Backtrace:
	(No symbol) [0x00366643]
	(No symbol) [0x002FBE21]
	(No symbol) [0x001FD960]
	(No symbol) [0x002323A7]
	(No symbol) [0x00226B13]
	(No symbol) [0x0024FD7C]
	(No symbol) [0x0022641F]
	(No symbol) [0x002500D4]
	(No symbol) [0x00266B09]
	(No symbol) [0x0024FB76]
	(No symbol) [0x002249C1]
	(No symbol) [0x00225E5D]
	GetHandleVerifier [0x005DA142+2497106]
	GetHandleVerifier [0x006085D3+2686691]
	GetHandleVerifier [0x0060BB9C+2700460]
	GetHandleVerifier [0x00413B10+635936]
	(No symbol) [0x00304A1F]
	(No symbol) [0x0030A418]
	(No symbol) [0x0030A505]
	(No symbol) [0x0031508B]
	BaseThreadInitThunk [0x76DFFEF9+25]
	RtlGetAppContainerNamedObjectPath [0x772A7BBE+286]
	RtlGetAppContainerNamedObjectPath [0x772A7B8E+238]
</msg>
<status status="FAIL" starttime="20230129 09:19:54.436" endtime="20230129 09:19:55.234"/>
</kw>
<status status="PASS" starttime="20230129 09:19:54.435" endtime="20230129 09:19:55.235"/>
</kw>
<kw name="Sleep" library="BuiltIn">
<arg>7</arg>
<doc>Pauses the test executed for the given time.</doc>
<msg timestamp="20230129 09:20:02.293" level="INFO">Slept 7 seconds</msg>
<status status="PASS" starttime="20230129 09:19:55.290" endtime="20230129 09:20:02.293"/>
</kw>
<kw name="Click Element" library="SeleniumLibrary">
<arg>//*[@id="navTop"]/nav/ul[1]/li[2]/a</arg>
<doc>Click the element identified by ``locator``.</doc>
<msg timestamp="20230129 09:20:02.293" level="INFO">Clicking element '//*[@id="navTop"]/nav/ul[1]/li[2]/a'.</msg>
<status status="PASS" starttime="20230129 09:20:02.293" endtime="20230129 09:20:03.702"/>
</kw>
<kw name="Sleep" library="BuiltIn">
<arg>7</arg>
<doc>Pauses the test executed for the given time.</doc>
<msg timestamp="20230129 09:20:10.705" level="INFO">Slept 7 seconds</msg>
<status status="PASS" starttime="20230129 09:20:03.705" endtime="20230129 09:20:10.705"/>
</kw>
<kw name="Run Keyword And Ignore Error" library="BuiltIn">
<arg>click button</arg>
<arg>//*[@id="tcf277-permissions-modal"]/div[3]/div/button[2]</arg>
<doc>Runs the given keyword with the given arguments and ignores possible error.</doc>
<kw name="Click Button" library="SeleniumLibrary">
<arg>//*[@id="tcf277-permissions-modal"]/div[3]/div/button[2]</arg>
<doc>Clicks the button identified by ``locator``.</doc>
<msg timestamp="20230129 09:20:10.705" level="INFO">Clicking button '//*[@id="tcf277-permissions-modal"]/div[3]/div/button[2]'.</msg>
<msg timestamp="20230129 09:20:10.844" level="INFO" html="true">&lt;/td&gt;&lt;/tr&gt;&lt;tr&gt;&lt;td colspan="3"&gt;&lt;a href="selenium-screenshot-13.png"&gt;&lt;img src="selenium-screenshot-13.png" width="800px"&gt;&lt;/a&gt;</msg>
<msg timestamp="20230129 09:20:10.844" level="FAIL">Button with locator '//*[@id="tcf277-permissions-modal"]/div[3]/div/button[2]' not found.</msg>
<status status="FAIL" starttime="20230129 09:20:10.705" endtime="20230129 09:20:10.849"/>
</kw>
<status status="PASS" starttime="20230129 09:20:10.705" endtime="20230129 09:20:10.849"/>
</kw>
<kw name="Sleep" library="BuiltIn">
<arg>3</arg>
<doc>Pauses the test executed for the given time.</doc>
<msg timestamp="20230129 09:20:13.850" level="INFO">Slept 3 seconds</msg>
<status status="PASS" starttime="20230129 09:20:10.849" endtime="20230129 09:20:13.850"/>
</kw>
<kw name="Input Text" library="SeleniumLibrary">
<arg>//*[@id="f_cmu_email"]</arg>
<arg>kamil@wp.pl</arg>
<doc>Types the given ``text`` into the text field identified by ``locator``.</doc>
<msg timestamp="20230129 09:20:13.851" level="INFO">Typing text 'kamil@wp.pl' into text field '//*[@id="f_cmu_email"]'.</msg>
<status status="PASS" starttime="20230129 09:20:13.850" endtime="20230129 09:20:14.001"/>
</kw>
<kw name="Input Text" library="SeleniumLibrary">
<arg>//*[@id="f_cmu_email2"]</arg>
<arg>kamil@wp.pl</arg>
<doc>Types the given ``text`` into the text field identified by ``locator``.</doc>
<msg timestamp="20230129 09:20:14.003" level="INFO">Typing text 'kamil@wp.pl' into text field '//*[@id="f_cmu_email2"]'.</msg>
<status status="PASS" starttime="20230129 09:20:14.002" endtime="20230129 09:20:14.143"/>
</kw>
<kw name="Input Text" library="SeleniumLibrary">
<arg>//*[@id="f_cmu_password"]</arg>
<arg>haslo</arg>
<doc>Types the given ``text`` into the text field identified by ``locator``.</doc>
<msg timestamp="20230129 09:20:14.144" level="INFO">Typing text 'haslo' into text field '//*[@id="f_cmu_password"]'.</msg>
<status status="PASS" starttime="20230129 09:20:14.143" endtime="20230129 09:20:14.307"/>
</kw>
<kw name="Input Text" library="SeleniumLibrary">
<arg>//*[@id="f_cmu_password2"]</arg>
<arg>haso</arg>
<doc>Types the given ``text`` into the text field identified by ``locator``.</doc>
<msg timestamp="20230129 09:20:14.309" level="INFO">Typing text 'haso' into text field '//*[@id="f_cmu_password2"]'.</msg>
<status status="PASS" starttime="20230129 09:20:14.308" endtime="20230129 09:20:14.449"/>
</kw>
<kw name="Checkbox Should Not Be Selected" library="SeleniumLibrary">
<arg>//*[@id="newsletter_agree"]</arg>
<doc>Verifies checkbox ``locator`` is not selected/checked.</doc>
<msg timestamp="20230129 09:20:14.451" level="INFO">Verifying checkbox '//*[@id="newsletter_agree"]' is not selected.</msg>
<status status="PASS" starttime="20230129 09:20:14.450" endtime="20230129 09:20:14.504"/>
</kw>
<kw name="Select Checkbox" library="SeleniumLibrary">
<arg>//*[@id="newsletter_agree"]</arg>
<doc>Selects the checkbox identified by ``locator``.</doc>
<msg timestamp="20230129 09:20:14.506" level="INFO">Selecting checkbox '//*[@id="newsletter_agree"]'.</msg>
<status status="PASS" starttime="20230129 09:20:14.505" endtime="20230129 09:20:14.621"/>
</kw>
<kw name="Checkbox Should Not Be Selected" library="SeleniumLibrary">
<arg>//*[@id="user_register_form"]/fieldset/label[2]/input</arg>
<doc>Verifies checkbox ``locator`` is not selected/checked.</doc>
<msg timestamp="20230129 09:20:14.623" level="INFO">Verifying checkbox '//*[@id="user_register_form"]/fieldset/label[2]/input' is not selected.</msg>
<status status="PASS" starttime="20230129 09:20:14.622" endtime="20230129 09:20:14.673"/>
</kw>
<kw name="Select Checkbox" library="SeleniumLibrary">
<arg>//*[@id="user_register_form"]/fieldset/label[2]/input</arg>
<doc>Selects the checkbox identified by ``locator``.</doc>
<msg timestamp="20230129 09:20:14.675" level="INFO">Selecting checkbox '//*[@id="user_register_form"]/fieldset/label[2]/input'.</msg>
<status status="PASS" starttime="20230129 09:20:14.674" endtime="20230129 09:20:14.760"/>
</kw>
<kw name="Checkbox Should Not Be Selected" library="SeleniumLibrary">
<arg>//*[@id="user_register_form"]/fieldset/label[3]/input</arg>
<doc>Verifies checkbox ``locator`` is not selected/checked.</doc>
<msg timestamp="20230129 09:20:14.762" level="INFO">Verifying checkbox '//*[@id="user_register_form"]/fieldset/label[3]/input' is not selected.</msg>
<status status="PASS" starttime="20230129 09:20:14.761" endtime="20230129 09:20:14.809"/>
</kw>
<kw name="Select Checkbox" library="SeleniumLibrary">
<arg>//*[@id="user_register_form"]/fieldset/label[3]/input</arg>
<doc>Selects the checkbox identified by ``locator``.</doc>
<msg timestamp="20230129 09:20:14.811" level="INFO">Selecting checkbox '//*[@id="user_register_form"]/fieldset/label[3]/input'.</msg>
<status status="PASS" starttime="20230129 09:20:14.810" endtime="20230129 09:20:14.920"/>
</kw>
<kw name="Run Keyword And Ignore Error" library="BuiltIn">
<arg>click button</arg>
<arg>//*[@id="user_register_form"]/fieldset/footer/button</arg>
<doc>Runs the given keyword with the given arguments and ignores possible error.</doc>
<kw name="Click Button" library="SeleniumLibrary">
<arg>//*[@id="user_register_form"]/fieldset/footer/button</arg>
<doc>Clicks the button identified by ``locator``.</doc>
<msg timestamp="20230129 09:20:14.922" level="INFO">Clicking button '//*[@id="user_register_form"]/fieldset/footer/button'.</msg>
<status status="PASS" starttime="20230129 09:20:14.921" endtime="20230129 09:20:15.994"/>
</kw>
<status status="PASS" starttime="20230129 09:20:14.920" endtime="20230129 09:20:15.994"/>
</kw>
<kw name="Capture Page Screenshot" library="SeleniumLibrary">
<doc>Takes a screenshot of the current page and embeds it into a log file.</doc>
<msg timestamp="20230129 09:20:16.199" level="INFO" html="true">&lt;/td&gt;&lt;/tr&gt;&lt;tr&gt;&lt;td colspan="3"&gt;&lt;a href="selenium-screenshot-14.png"&gt;&lt;img src="selenium-screenshot-14.png" width="800px"&gt;&lt;/a&gt;</msg>
<status status="PASS" starttime="20230129 09:20:15.995" endtime="20230129 09:20:16.199"/>
</kw>
<status status="PASS" starttime="20230129 09:19:47.263" endtime="20230129 09:20:16.202"/>
</test>
<status status="PASS" starttime="20230129 09:19:46.948" endtime="20230129 09:20:16.204"/>
</suite>
<statistics>
<total>
<stat pass="1" fail="0" skip="0">All Tests</stat>
</total>
<tag>
</tag>
<suite>
<stat pass="1" fail="0" skip="0" id="s1" name="Aki2">Aki2</stat>
</suite>
</statistics>
<errors>
<msg timestamp="20230129 09:19:46.938" level="ERROR">Error in file 'C:\Users\vdi-student\PycharmProjects\pythonProject1\aki2.robot' on line 12: Setting 'Arguments' is not allowed with tests or tasks.</msg>
</errors>
</robot>
