<?xml version="1.0" encoding="UTF-8"?>
<robot generator="Robot 6.0.2 (Python 3.11.0 on win32)" generated="20230129 09:46:48.397" rpa="false" schemaversion="3">
<suite id="s1" name="Aki2" source="C:\Users\vdi-student\PycharmProjects\pythonProject1\aki2.robot">
<test id="s1-t1" name="Registration In Forum" line="13">
<kw name="Open Browser" library="SeleniumLibrary">
<arg>https://gotujmy.pl/forum/</arg>
<arg>Chrome</arg>
<doc>Opens a new browser instance to the optional ``url``.</doc>
<msg timestamp="20230129 09:46:48.889" level="INFO">Opening browser 'Chrome' to base url 'https://gotujmy.pl/forum/'.</msg>
<status status="PASS" starttime="20230129 09:46:48.889" endtime="20230129 09:46:56.190"/>
</kw>
<kw name="Sleep" library="BuiltIn">
<arg>3</arg>
<doc>Pauses the test executed for the given time.</doc>
<msg timestamp="20230129 09:46:59.195" level="INFO">Slept 3 seconds</msg>
<status status="PASS" starttime="20230129 09:46:56.194" endtime="20230129 09:46:59.195"/>
</kw>
<kw name="Run Keyword And Ignore Error" library="BuiltIn">
<arg>click button</arg>
<arg>//*[@id="tcf277-permissions-modal"]/div[3]/div/button[2]</arg>
<doc>Runs the given keyword with the given arguments and ignores possible error.</doc>
<kw name="Click Button" library="SeleniumLibrary">
<arg>//*[@id="tcf277-permissions-modal"]/div[3]/div/button[2]</arg>
<doc>Clicks the button identified by ``locator``.</doc>
<msg timestamp="20230129 09:46:59.195" level="INFO">Clicking button '//*[@id="tcf277-permissions-modal"]/div[3]/div/button[2]'.</msg>
<status status="PASS" starttime="20230129 09:46:59.195" endtime="20230129 09:46:59.361"/>
</kw>
<status status="PASS" starttime="20230129 09:46:59.195" endtime="20230129 09:46:59.361"/>
</kw>
<kw name="Sleep" library="BuiltIn">
<arg>7</arg>
<doc>Pauses the test executed for the given time.</doc>
<msg timestamp="20230129 09:47:06.364" level="INFO">Slept 7 seconds</msg>
<status status="PASS" starttime="20230129 09:46:59.362" endtime="20230129 09:47:06.364"/>
</kw>
<kw name="Click Element" library="SeleniumLibrary">
<arg>//*[@id="navTop"]/nav/ul[1]/li[2]/a</arg>
<doc>Click the element identified by ``locator``.</doc>
<msg timestamp="20230129 09:47:06.365" level="INFO">Clicking element '//*[@id="navTop"]/nav/ul[1]/li[2]/a'.</msg>
<status status="PASS" starttime="20230129 09:47:06.365" endtime="20230129 09:47:07.290"/>
</kw>
<kw name="Sleep" library="BuiltIn">
<arg>7</arg>
<doc>Pauses the test executed for the given time.</doc>
<msg timestamp="20230129 09:47:14.292" level="INFO">Slept 7 seconds</msg>
<status status="PASS" starttime="20230129 09:47:07.291" endtime="20230129 09:47:14.292"/>
</kw>
<kw name="Run Keyword And Ignore Error" library="BuiltIn">
<arg>click button</arg>
<arg>//*[@id="tcf277-permissions-modal"]/div[3]/div/button[2]</arg>
<doc>Runs the given keyword with the given arguments and ignores possible error.</doc>
<kw name="Click Button" library="SeleniumLibrary">
<arg>//*[@id="tcf277-permissions-modal"]/div[3]/div/button[2]</arg>
<doc>Clicks the button identified by ``locator``.</doc>
<msg timestamp="20230129 09:47:14.292" level="INFO">Clicking button '//*[@id="tcf277-permissions-modal"]/div[3]/div/button[2]'.</msg>
<msg timestamp="20230129 09:47:14.497" level="INFO" html="true">&lt;/td&gt;&lt;/tr&gt;&lt;tr&gt;&lt;td colspan="3"&gt;&lt;a href="selenium-screenshot-25.png"&gt;&lt;img src="selenium-screenshot-25.png" width="800px"&gt;&lt;/a&gt;</msg>
<msg timestamp="20230129 09:47:14.497" level="FAIL">Button with locator '//*[@id="tcf277-permissions-modal"]/div[3]/div/button[2]' not found.</msg>
<status status="FAIL" starttime="20230129 09:47:14.292" endtime="20230129 09:47:14.567"/>
</kw>
<status status="PASS" starttime="20230129 09:47:14.292" endtime="20230129 09:47:14.567"/>
</kw>
<kw name="Sleep" library="BuiltIn">
<arg>3</arg>
<doc>Pauses the test executed for the given time.</doc>
<msg timestamp="20230129 09:47:17.567" level="INFO">Slept 3 seconds</msg>
<status status="PASS" starttime="20230129 09:47:14.567" endtime="20230129 09:47:17.567"/>
</kw>
<kw name="Input Text" library="SeleniumLibrary">
<arg>//*[@id="f_cmu_email"]</arg>
<arg>kamil@wp.pl</arg>
<doc>Types the given ``text`` into the text field identified by ``locator``.</doc>
<msg timestamp="20230129 09:47:17.567" level="INFO">Typing text 'kamil@wp.pl' into text field '//*[@id="f_cmu_email"]'.</msg>
<status status="PASS" starttime="20230129 09:47:17.567" endtime="20230129 09:47:17.804"/>
</kw>
<kw name="Input Text" library="SeleniumLibrary">
<arg>//*[@id="f_cmu_email2"]</arg>
<arg>kamil@wp.pl</arg>
<doc>Types the given ``text`` into the text field identified by ``locator``.</doc>
<msg timestamp="20230129 09:47:17.807" level="INFO">Typing text 'kamil@wp.pl' into text field '//*[@id="f_cmu_email2"]'.</msg>
<status status="PASS" starttime="20230129 09:47:17.806" endtime="20230129 09:47:18.060"/>
</kw>
<kw name="Input Text" library="SeleniumLibrary">
<arg>//*[@id="f_cmu_password"]</arg>
<arg>haslo</arg>
<doc>Types the given ``text`` into the text field identified by ``locator``.</doc>
<msg timestamp="20230129 09:47:18.063" level="INFO">Typing text 'haslo' into text field '//*[@id="f_cmu_password"]'.</msg>
<status status="PASS" starttime="20230129 09:47:18.061" endtime="20230129 09:47:18.243"/>
</kw>
<kw name="Input Text" library="SeleniumLibrary">
<arg>//*[@id="f_cmu_password2"]</arg>
<arg>haso</arg>
<doc>Types the given ``text`` into the text field identified by ``locator``.</doc>
<msg timestamp="20230129 09:47:18.245" level="INFO">Typing text 'haso' into text field '//*[@id="f_cmu_password2"]'.</msg>
<status status="PASS" starttime="20230129 09:47:18.244" endtime="20230129 09:47:18.453"/>
</kw>
<kw name="Checkbox Should Not Be Selected" library="SeleniumLibrary">
<arg>//*[@id="newsletter_agree"]</arg>
<doc>Verifies checkbox ``locator`` is not selected/checked.</doc>
<msg timestamp="20230129 09:47:18.456" level="INFO">Verifying checkbox '//*[@id="newsletter_agree"]' is not selected.</msg>
<status status="PASS" starttime="20230129 09:47:18.455" endtime="20230129 09:47:18.620"/>
</kw>
<kw name="Select Checkbox" library="SeleniumLibrary">
<arg>//*[@id="newsletter_agree"]</arg>
<doc>Selects the checkbox identified by ``locator``.</doc>
<msg timestamp="20230129 09:47:18.623" level="INFO">Selecting checkbox '//*[@id="newsletter_agree"]'.</msg>
<status status="PASS" starttime="20230129 09:47:18.621" endtime="20230129 09:47:18.759"/>
</kw>
<kw name="Checkbox Should Not Be Selected" library="SeleniumLibrary">
<arg>//*[@id="user_register_form"]/fieldset/label[2]/input</arg>
<doc>Verifies checkbox ``locator`` is not selected/checked.</doc>
<msg timestamp="20230129 09:47:18.760" level="INFO">Verifying checkbox '//*[@id="user_register_form"]/fieldset/label[2]/input' is not selected.</msg>
<status status="PASS" starttime="20230129 09:47:18.759" endtime="20230129 09:47:18.812"/>
</kw>
<kw name="Select Checkbox" library="SeleniumLibrary">
<arg>//*[@id="user_register_form"]/fieldset/label[2]/input</arg>
<doc>Selects the checkbox identified by ``locator``.</doc>
<msg timestamp="20230129 09:47:18.815" level="INFO">Selecting checkbox '//*[@id="user_register_form"]/fieldset/label[2]/input'.</msg>
<status status="PASS" starttime="20230129 09:47:18.813" endtime="20230129 09:47:18.996"/>
</kw>
<kw name="Checkbox Should Not Be Selected" library="SeleniumLibrary">
<arg>//*[@id="user_register_form"]/fieldset/label[3]/input</arg>
<doc>Verifies checkbox ``locator`` is not selected/checked.</doc>
<msg timestamp="20230129 09:47:18.999" level="INFO">Verifying checkbox '//*[@id="user_register_form"]/fieldset/label[3]/input' is not selected.</msg>
<status status="PASS" starttime="20230129 09:47:18.998" endtime="20230129 09:47:19.082"/>
</kw>
<kw name="Select Checkbox" library="SeleniumLibrary">
<arg>//*[@id="user_register_form"]/fieldset/label[3]/input</arg>
<doc>Selects the checkbox identified by ``locator``.</doc>
<msg timestamp="20230129 09:47:19.085" level="INFO">Selecting checkbox '//*[@id="user_register_form"]/fieldset/label[3]/input'.</msg>
<status status="PASS" starttime="20230129 09:47:19.084" endtime="20230129 09:47:19.197"/>
</kw>
<kw name="Run Keyword And Ignore Error" library="BuiltIn">
<arg>click button</arg>
<arg>//*[@id="user_register_form"]/fieldset/footer/button</arg>
<doc>Runs the given keyword with the given arguments and ignores possible error.</doc>
<kw name="Click Button" library="SeleniumLibrary">
<arg>//*[@id="user_register_form"]/fieldset/footer/button</arg>
<doc>Clicks the button identified by ``locator``.</doc>
<msg timestamp="20230129 09:47:19.199" level="INFO">Clicking button '//*[@id="user_register_form"]/fieldset/footer/button'.</msg>
<status status="PASS" starttime="20230129 09:47:19.198" endtime="20230129 09:47:20.532"/>
</kw>
<status status="PASS" starttime="20230129 09:47:19.198" endtime="20230129 09:47:20.532"/>
</kw>
<kw name="Capture Page Screenshot" library="SeleniumLibrary">
<doc>Takes a screenshot of the current page and embeds it into a log file.</doc>
<msg timestamp="20230129 09:47:20.757" level="INFO" html="true">&lt;/td&gt;&lt;/tr&gt;&lt;tr&gt;&lt;td colspan="3"&gt;&lt;a href="selenium-screenshot-26.png"&gt;&lt;img src="selenium-screenshot-26.png" width="800px"&gt;&lt;/a&gt;</msg>
<status status="PASS" starttime="20230129 09:47:20.534" endtime="20230129 09:47:20.758"/>
</kw>
<status status="PASS" starttime="20230129 09:46:48.889" endtime="20230129 09:47:20.761"/>
</test>
<status status="PASS" starttime="20230129 09:46:48.397" endtime="20230129 09:47:20.766"/>
</suite>
<statistics>
<total>
<stat pass="1" fail="0" skip="0">All Tests</stat>
</total>
<tag>
</tag>
<suite>
<stat pass="1" fail="0" skip="0" id="s1" name="Aki2">Aki2</stat>
</suite>
</statistics>
<errors>
<msg timestamp="20230129 09:46:48.392" level="ERROR">Error in file 'C:\Users\vdi-student\PycharmProjects\pythonProject1\aki2.robot' on line 14: Setting 'Arguments' is not allowed with tests or tasks.</msg>
</errors>
</robot>
